<?xml version="1.0" encoding="UTF-8"?>
<testsuite name="Library.BookManager.BookManagerApplicationTests" tests="1" skipped="0" failures="0" errors="0" timestamp="2020-03-12T11:33:47" hostname="sysadm-Lenovo-V310-14ISK" time="0.368">
  <properties/>
  <testcase name="contextLoads()" classname="Library.BookManager.BookManagerApplicationTests" time="0.368"/>
  <system-out><![CDATA[17:03:45.220 [Test worker] DEBUG org.springframework.test.context.BootstrapUtils - Instantiating CacheAwareContextLoaderDelegate from class [org.springframework.test.context.cache.DefaultCacheAwareContextLoaderDelegate]
17:03:45.234 [Test worker] DEBUG org.springframework.test.context.BootstrapUtils - Instantiating BootstrapContext using constructor [public org.springframework.test.context.support.DefaultBootstrapContext(java.lang.Class,org.springframework.test.context.CacheAwareContextLoaderDelegate)]
17:03:45.265 [Test worker] DEBUG org.springframework.test.context.BootstrapUtils - Instantiating TestContextBootstrapper for test class [Library.BookManager.BookManagerApplicationTests] from class [org.springframework.boot.test.context.SpringBootTestContextBootstrapper]
17:03:45.279 [Test worker] INFO org.springframework.boot.test.context.SpringBootTestContextBootstrapper - Neither @ContextConfiguration nor @ContextHierarchy found for test class [Library.BookManager.BookManagerApplicationTests], using SpringBootContextLoader
17:03:45.283 [Test worker] DEBUG org.springframework.test.context.support.AbstractContextLoader - Did not detect default resource location for test class [Library.BookManager.BookManagerApplicationTests]: class path resource [Library/BookManager/BookManagerApplicationTests-context.xml] does not exist
17:03:45.283 [Test worker] DEBUG org.springframework.test.context.support.AbstractContextLoader - Did not detect default resource location for test class [Library.BookManager.BookManagerApplicationTests]: class path resource [Library/BookManager/BookManagerApplicationTestsContext.groovy] does not exist
17:03:45.283 [Test worker] INFO org.springframework.test.context.support.AbstractContextLoader - Could not detect default resource locations for test class [Library.BookManager.BookManagerApplicationTests]: no resource found for suffixes {-context.xml, Context.groovy}.
17:03:45.284 [Test worker] INFO org.springframework.test.context.support.AnnotationConfigContextLoaderUtils - Could not detect default configuration classes for test class [Library.BookManager.BookManagerApplicationTests]: BookManagerApplicationTests does not declare any static, non-private, non-final, nested classes annotated with @Configuration.
17:03:45.319 [Test worker] DEBUG org.springframework.test.context.support.ActiveProfilesUtils - Could not find an 'annotation declaring class' for annotation type [org.springframework.test.context.ActiveProfiles] and class [Library.BookManager.BookManagerApplicationTests]
17:03:45.395 [Test worker] DEBUG org.springframework.context.annotation.ClassPathScanningCandidateComponentProvider - Identified candidate component class: file [/home/sankalpsingh/Desktop/BookManager/build/classes/java/main/Library/BookManager/BookManagerApplication.class]
17:03:45.396 [Test worker] INFO org.springframework.boot.test.context.SpringBootTestContextBootstrapper - Found @SpringBootConfiguration Library.BookManager.BookManagerApplication for test class Library.BookManager.BookManagerApplicationTests
17:03:45.505 [Test worker] DEBUG org.springframework.boot.test.context.SpringBootTestContextBootstrapper - @TestExecutionListeners is not present for class [Library.BookManager.BookManagerApplicationTests]: using defaults.
17:03:45.506 [Test worker] INFO org.springframework.boot.test.context.SpringBootTestContextBootstrapper - Loaded default TestExecutionListener class names from location [META-INF/spring.factories]: [org.springframework.boot.test.autoconfigure.restdocs.RestDocsTestExecutionListener, org.springframework.boot.test.autoconfigure.web.client.MockRestServiceServerResetTestExecutionListener, org.springframework.boot.test.autoconfigure.web.servlet.MockMvcPrintOnlyOnFailureTestExecutionListener, org.springframework.boot.test.autoconfigure.web.servlet.WebDriverTestExecutionListener, org.springframework.boot.test.mock.mockito.MockitoTestExecutionListener, org.springframework.boot.test.mock.mockito.ResetMocksTestExecutionListener, org.springframework.test.context.web.ServletTestExecutionListener, org.springframework.test.context.support.DirtiesContextBeforeModesTestExecutionListener, org.springframework.test.context.support.DependencyInjectionTestExecutionListener, org.springframework.test.context.support.DirtiesContextTestExecutionListener, org.springframework.test.context.transaction.TransactionalTestExecutionListener, org.springframework.test.context.jdbc.SqlScriptsTestExecutionListener, org.springframework.test.context.event.EventPublishingTestExecutionListener]
17:03:45.515 [Test worker] DEBUG org.springframework.boot.test.context.SpringBootTestContextBootstrapper - Skipping candidate TestExecutionListener [org.springframework.test.context.transaction.TransactionalTestExecutionListener] due to a missing dependency. Specify custom listener classes or make the default listener classes and their required dependencies available. Offending class: [org/springframework/transaction/TransactionDefinition]
17:03:45.516 [Test worker] DEBUG org.springframework.boot.test.context.SpringBootTestContextBootstrapper - Skipping candidate TestExecutionListener [org.springframework.test.context.jdbc.SqlScriptsTestExecutionListener] due to a missing dependency. Specify custom listener classes or make the default listener classes and their required dependencies available. Offending class: [org/springframework/transaction/interceptor/TransactionAttribute]
17:03:45.516 [Test worker] INFO org.springframework.boot.test.context.SpringBootTestContextBootstrapper - Using TestExecutionListeners: [org.springframework.test.context.web.ServletTestExecutionListener@6da2db5, org.springframework.test.context.support.DirtiesContextBeforeModesTestExecutionListener@5849558f, org.springframework.boot.test.mock.mockito.MockitoTestExecutionListener@7bdfee27, org.springframework.boot.test.autoconfigure.SpringBootDependencyInjectionTestExecutionListener@3277b504, org.springframework.test.context.support.DirtiesContextTestExecutionListener@6517817a, org.springframework.test.context.event.EventPublishingTestExecutionListener@77e0557a, org.springframework.boot.test.autoconfigure.restdocs.RestDocsTestExecutionListener@734a3377, org.springframework.boot.test.autoconfigure.web.client.MockRestServiceServerResetTestExecutionListener@7c1a678f, org.springframework.boot.test.autoconfigure.web.servlet.MockMvcPrintOnlyOnFailureTestExecutionListener@255f2527, org.springframework.boot.test.autoconfigure.web.servlet.WebDriverTestExecutionListener@50e1ef73, org.springframework.boot.test.mock.mockito.ResetMocksTestExecutionListener@7292af93]
17:03:45.520 [Test worker] DEBUG org.springframework.test.context.support.AbstractDirtiesContextTestExecutionListener - Before test class: context [DefaultTestContext@1d82cf10 testClass = BookManagerApplicationTests, testInstance = [null], testMethod = [null], testException = [null], mergedContextConfiguration = [WebMergedContextConfiguration@7f48a49e testClass = BookManagerApplicationTests, locations = '{}', classes = '{class Library.BookManager.BookManagerApplication}', contextInitializerClasses = '[]', activeProfiles = '{}', propertySourceLocations = '{}', propertySourceProperties = '{org.springframework.boot.test.context.SpringBootTestContextBootstrapper=true}', contextCustomizers = set[org.springframework.boot.test.autoconfigure.properties.PropertyMappingContextCustomizer@0, org.springframework.boot.test.autoconfigure.web.servlet.WebDriverContextCustomizerFactory$Customizer@4d85f0b3, org.springframework.boot.test.context.filter.ExcludeFilterContextCustomizer@1f1de41, org.springframework.boot.test.json.DuplicateJsonObjectContextCustomizerFactory$DuplicateJsonObjectContextCustomizer@7ddebbad, org.springframework.boot.test.mock.mockito.MockitoContextCustomizer@0, org.springframework.boot.test.web.client.TestRestTemplateContextCustomizer@5a13c039], resourceBasePath = 'src/main/webapp', contextLoader = 'org.springframework.boot.test.context.SpringBootContextLoader', parent = [null]], attributes = map['org.springframework.test.context.web.ServletTestExecutionListener.activateListener' -> true]], class annotated with @DirtiesContext [false] with mode [null].
17:03:45.551 [Test worker] DEBUG org.springframework.test.context.support.TestPropertySourceUtils - Adding inlined properties to environment: {spring.jmx.enabled=false, org.springframework.boot.test.context.SpringBootTestContextBootstrapper=true, server.port=-1}

  .   ____          _            __ _ _
 /\\ / ___'_ __ _ _(_)_ __  __ _ \ \ \ \
( ( )\___ | '_ | '_| | '_ \/ _` | \ \ \ \
 \\/  ___)| |_)| | | | | || (_| |  ) ) ) )
  '  |____| .__|_| |_|_| |_\__, | / / / /
 =========|_|==============|___/=/_/_/_/
 :: Spring Boot ::        (v2.2.5.RELEASE)

2020-03-12 17:03:45.875  INFO 11860 --- [    Test worker] L.B.BookManagerApplicationTests          : Starting BookManagerApplicationTests on sysadm-Lenovo-V310-14ISK with PID 11860 (started by sankalpsingh in /home/sankalpsingh/Desktop/BookManager)
2020-03-12 17:03:45.876  INFO 11860 --- [    Test worker] L.B.BookManagerApplicationTests          : No active profile set, falling back to default profiles: default
2020-03-12 17:03:47.510  INFO 11860 --- [    Test worker] o.s.s.concurrent.ThreadPoolTaskExecutor  : Initializing ExecutorService 'applicationTaskExecutor'
2020-03-12 17:03:47.861  INFO 11860 --- [    Test worker] L.B.BookManagerApplicationTests          : Started BookManagerApplicationTests in 2.298 seconds (JVM running for 3.597)
]]></system-out>
  <system-err><![CDATA[]]></system-err>
</testsuite>
